<?xml version="1.0" encoding="UTF-8"?>
<testsuite name="com.ddth.challenge.shtp.ShortestPathApplicationTests" tests="1" skipped="0" failures="0" errors="0" timestamp="2019-03-30T07:59:13" hostname="DESKTOP-85V3FU4" time="0.247">
  <properties/>
  <testcase name="contextLoads" classname="com.ddth.challenge.shtp.ShortestPathApplicationTests" time="0.247"/>
  <system-out><![CDATA[14:59:10.362 [Test worker] DEBUG org.springframework.test.context.junit4.SpringJUnit4ClassRunner - SpringJUnit4ClassRunner constructor called with [class com.ddth.challenge.shtp.ShortestPathApplicationTests]
14:59:10.372 [Test worker] DEBUG org.springframework.test.context.BootstrapUtils - Instantiating CacheAwareContextLoaderDelegate from class [org.springframework.test.context.cache.DefaultCacheAwareContextLoaderDelegate]
14:59:10.385 [Test worker] DEBUG org.springframework.test.context.BootstrapUtils - Instantiating BootstrapContext using constructor [public org.springframework.test.context.support.DefaultBootstrapContext(java.lang.Class,org.springframework.test.context.CacheAwareContextLoaderDelegate)]
14:59:10.407 [Test worker] DEBUG org.springframework.test.context.BootstrapUtils - Instantiating TestContextBootstrapper for test class [com.ddth.challenge.shtp.ShortestPathApplicationTests] from class [org.springframework.boot.test.context.SpringBootTestContextBootstrapper]
14:59:10.428 [Test worker] INFO org.springframework.boot.test.context.SpringBootTestContextBootstrapper - Neither @ContextConfiguration nor @ContextHierarchy found for test class [com.ddth.challenge.shtp.ShortestPathApplicationTests], using SpringBootContextLoader
14:59:10.432 [Test worker] DEBUG org.springframework.test.context.support.AbstractContextLoader - Did not detect default resource location for test class [com.ddth.challenge.shtp.ShortestPathApplicationTests]: class path resource [com/ddth/challenge/shtp/ShortestPathApplicationTests-context.xml] does not exist
14:59:10.433 [Test worker] DEBUG org.springframework.test.context.support.AbstractContextLoader - Did not detect default resource location for test class [com.ddth.challenge.shtp.ShortestPathApplicationTests]: class path resource [com/ddth/challenge/shtp/ShortestPathApplicationTestsContext.groovy] does not exist
14:59:10.433 [Test worker] INFO org.springframework.test.context.support.AbstractContextLoader - Could not detect default resource locations for test class [com.ddth.challenge.shtp.ShortestPathApplicationTests]: no resource found for suffixes {-context.xml, Context.groovy}.
14:59:10.434 [Test worker] INFO org.springframework.test.context.support.AnnotationConfigContextLoaderUtils - Could not detect default configuration classes for test class [com.ddth.challenge.shtp.ShortestPathApplicationTests]: ShortestPathApplicationTests does not declare any static, non-private, non-final, nested classes annotated with @Configuration.
14:59:10.498 [Test worker] DEBUG org.springframework.test.context.support.ActiveProfilesUtils - Could not find an 'annotation declaring class' for annotation type [org.springframework.test.context.ActiveProfiles] and class [com.ddth.challenge.shtp.ShortestPathApplicationTests]
14:59:10.585 [Test worker] DEBUG org.springframework.context.annotation.ClassPathScanningCandidateComponentProvider - Identified candidate component class: file [C:\NTT Newwwww\BaseProjectDDChallenge-master\build\classes\java\main\com\ddth\challenge\shtp\ShortestPathApplication.class]
14:59:10.587 [Test worker] INFO org.springframework.boot.test.context.SpringBootTestContextBootstrapper - Found @SpringBootConfiguration com.ddth.challenge.shtp.ShortestPathApplication for test class com.ddth.challenge.shtp.ShortestPathApplicationTests
14:59:10.716 [Test worker] DEBUG org.springframework.boot.test.context.SpringBootTestContextBootstrapper - @TestExecutionListeners is not present for class [com.ddth.challenge.shtp.ShortestPathApplicationTests]: using defaults.
14:59:10.717 [Test worker] INFO org.springframework.boot.test.context.SpringBootTestContextBootstrapper - Loaded default TestExecutionListener class names from location [META-INF/spring.factories]: [org.springframework.boot.test.autoconfigure.restdocs.RestDocsTestExecutionListener, org.springframework.boot.test.autoconfigure.web.client.MockRestServiceServerResetTestExecutionListener, org.springframework.boot.test.autoconfigure.web.servlet.MockMvcPrintOnlyOnFailureTestExecutionListener, org.springframework.boot.test.autoconfigure.web.servlet.WebDriverTestExecutionListener, org.springframework.boot.test.mock.mockito.MockitoTestExecutionListener, org.springframework.boot.test.mock.mockito.ResetMocksTestExecutionListener, org.springframework.test.context.web.ServletTestExecutionListener, org.springframework.test.context.support.DirtiesContextBeforeModesTestExecutionListener, org.springframework.test.context.support.DependencyInjectionTestExecutionListener, org.springframework.test.context.support.DirtiesContextTestExecutionListener, org.springframework.test.context.transaction.TransactionalTestExecutionListener, org.springframework.test.context.jdbc.SqlScriptsTestExecutionListener]
14:59:10.733 [Test worker] DEBUG org.springframework.boot.test.context.SpringBootTestContextBootstrapper - Skipping candidate TestExecutionListener [org.springframework.test.context.transaction.TransactionalTestExecutionListener] due to a missing dependency. Specify custom listener classes or make the default listener classes and their required dependencies available. Offending class: [org/springframework/transaction/interceptor/TransactionAttributeSource]
14:59:10.734 [Test worker] DEBUG org.springframework.boot.test.context.SpringBootTestContextBootstrapper - Skipping candidate TestExecutionListener [org.springframework.test.context.jdbc.SqlScriptsTestExecutionListener] due to a missing dependency. Specify custom listener classes or make the default listener classes and their required dependencies available. Offending class: [org/springframework/transaction/interceptor/TransactionAttribute]
14:59:10.734 [Test worker] INFO org.springframework.boot.test.context.SpringBootTestContextBootstrapper - Using TestExecutionListeners: [org.springframework.test.context.web.ServletTestExecutionListener@6b30995e, org.springframework.test.context.support.DirtiesContextBeforeModesTestExecutionListener@7c6e0d0b, org.springframework.boot.test.mock.mockito.MockitoTestExecutionListener@538c83f4, org.springframework.boot.test.autoconfigure.SpringBootDependencyInjectionTestExecutionListener@73360928, org.springframework.test.context.support.DirtiesContextTestExecutionListener@1c238479, org.springframework.boot.test.autoconfigure.restdocs.RestDocsTestExecutionListener@10a9d4a3, org.springframework.boot.test.autoconfigure.web.client.MockRestServiceServerResetTestExecutionListener@278d7661, org.springframework.boot.test.autoconfigure.web.servlet.MockMvcPrintOnlyOnFailureTestExecutionListener@64b144f1, org.springframework.boot.test.autoconfigure.web.servlet.WebDriverTestExecutionListener@64b10452, org.springframework.boot.test.mock.mockito.ResetMocksTestExecutionListener@3a63c8ab]
14:59:10.739 [Test worker] DEBUG org.springframework.test.annotation.ProfileValueUtils - Retrieved @ProfileValueSourceConfiguration [null] for test class [com.ddth.challenge.shtp.ShortestPathApplicationTests]
14:59:10.740 [Test worker] DEBUG org.springframework.test.annotation.ProfileValueUtils - Retrieved ProfileValueSource type [class org.springframework.test.annotation.SystemProfileValueSource] for class [com.ddth.challenge.shtp.ShortestPathApplicationTests]
14:59:10.741 [Test worker] DEBUG org.springframework.test.annotation.ProfileValueUtils - Retrieved @ProfileValueSourceConfiguration [null] for test class [com.ddth.challenge.shtp.ShortestPathApplicationTests]
14:59:10.742 [Test worker] DEBUG org.springframework.test.annotation.ProfileValueUtils - Retrieved ProfileValueSource type [class org.springframework.test.annotation.SystemProfileValueSource] for class [com.ddth.challenge.shtp.ShortestPathApplicationTests]
14:59:10.750 [Test worker] DEBUG org.springframework.test.context.support.AbstractDirtiesContextTestExecutionListener - Before test class: context [DefaultTestContext@24de95a9 testClass = ShortestPathApplicationTests, testInstance = [null], testMethod = [null], testException = [null], mergedContextConfiguration = [WebMergedContextConfiguration@5f560631 testClass = ShortestPathApplicationTests, locations = '{}', classes = '{class com.ddth.challenge.shtp.ShortestPathApplication}', contextInitializerClasses = '[]', activeProfiles = '{}', propertySourceLocations = '{}', propertySourceProperties = '{org.springframework.boot.test.context.SpringBootTestContextBootstrapper=true}', contextCustomizers = set[org.springframework.boot.test.autoconfigure.properties.PropertyMappingContextCustomizer@0, org.springframework.boot.test.autoconfigure.web.servlet.WebDriverContextCustomizerFactory$Customizer@36928789, org.springframework.boot.test.context.filter.ExcludeFilterContextCustomizer@3b41ef1d, org.springframework.boot.test.json.DuplicateJsonObjectContextCustomizerFactory$DuplicateJsonObjectContextCustomizer@3d00eae1, org.springframework.boot.test.mock.mockito.MockitoContextCustomizer@0, org.springframework.boot.test.web.client.TestRestTemplateContextCustomizer@6c4dd071], resourceBasePath = 'src/main/webapp', contextLoader = 'org.springframework.boot.test.context.SpringBootContextLoader', parent = [null]], attributes = map['org.springframework.test.context.web.ServletTestExecutionListener.activateListener' -> true]], class annotated with @DirtiesContext [false] with mode [null].
14:59:10.751 [Test worker] DEBUG org.springframework.test.annotation.ProfileValueUtils - Retrieved @ProfileValueSourceConfiguration [null] for test class [com.ddth.challenge.shtp.ShortestPathApplicationTests]
14:59:10.752 [Test worker] DEBUG org.springframework.test.annotation.ProfileValueUtils - Retrieved ProfileValueSource type [class org.springframework.test.annotation.SystemProfileValueSource] for class [com.ddth.challenge.shtp.ShortestPathApplicationTests]
14:59:10.779 [Test worker] DEBUG org.springframework.test.context.support.TestPropertySourceUtils - Adding inlined properties to environment: {spring.jmx.enabled=false, org.springframework.boot.test.context.SpringBootTestContextBootstrapper=true, server.port=-1}

  .   ____          _            __ _ _
 /\\ / ___'_ __ _ _(_)_ __  __ _ \ \ \ \
( ( )\___ | '_ | '_| | '_ \/ _` | \ \ \ \
 \\/  ___)| |_)| | | | | || (_| |  ) ) ) )
  '  |____| .__|_| |_|_| |_\__, | / / / /
 =========|_|==============|___/=/_/_/_/
 :: Spring Boot ::        (v2.1.3.RELEASE)

2019-03-30 14:59:11.204  INFO 16256 --- [    Test worker] c.d.c.shtp.ShortestPathApplicationTests  : Starting ShortestPathApplicationTests on DESKTOP-85V3FU4 with PID 16256 (started by MoonCake in C:\NTT Newwwww\BaseProjectDDChallenge-master)
2019-03-30 14:59:11.206  INFO 16256 --- [    Test worker] c.d.c.shtp.ShortestPathApplicationTests  : No active profile set, falling back to default profiles: default
Start Global Exception handler
2019-03-30 14:59:13.029  INFO 16256 --- [    Test worker] o.s.s.concurrent.ThreadPoolTaskExecutor  : Initializing ExecutorService 'applicationTaskExecutor'
2019-03-30 14:59:13.502  INFO 16256 --- [    Test worker] c.d.c.shtp.ShortestPathApplicationTests  : Started ShortestPathApplicationTests in 2.712 seconds (JVM running for 4.446)
]]></system-out>
  <system-err><![CDATA[]]></system-err>
</testsuite>
